-------------------------------------------------------------------------------
Test set: test.MbgTutorialTest
-------------------------------------------------------------------------------
Tests run: 3, Failures: 0, Errors: 3, Skipped: 0, Time elapsed: 0.436 sec <<< FAILURE!
insertAByPrimaryKey(test.MbgTutorialTest)  Time elapsed: 0.161 sec  <<< ERROR!
java.lang.Error: Unresolved compilation problems: 
	The method selectByExample(E) of type Model<T,E,M>.ManagedMapper must override a superclass method
	The method countByExample(E) of type Model<T,E,M>.ManagedMapper must override a superclass method
	The method insert(T) of type Model<T,E,M>.ManagedMapper must override a superclass method
	The method insertSelective(T) of type Model<T,E,M>.ManagedMapper must override a superclass method
	The method selectByPrimaryKey(Integer) of type Model<T,E,M>.ManagedMapper must override a superclass method
	The method updateByExampleSelective(T, E) of type Model<T,E,M>.ManagedMapper must override a superclass method
	The method updateByExample(T, E) of type Model<T,E,M>.ManagedMapper must override a superclass method
	The method updateByPrimaryKeySelective(T) of type Model<T,E,M>.ManagedMapper must override a superclass method
	The method updateByPrimaryKey(T) of type Model<T,E,M>.ManagedMapper must override a superclass method
	Lambda expressions are allowed only at source level 1.8 or above
	Default methods are allowed only at source level 1.8 or above
	Default methods are allowed only at source level 1.8 or above
	Default methods are allowed only at source level 1.8 or above

	at com.pro.proyectospro.configuracion.herencia.Model.<init>(Model.java:158)
	at com.pro.proyectospro.configuracion.model.DatospersonaM.<init>(DatospersonaM.java:37)
	at test.MbgTutorialTest.insertAByPrimaryKey(MbgTutorialTest.java:19)
	at sun.reflect.NativeMethodAccessorImpl.invoke0(Native Method)
	at sun.reflect.NativeMethodAccessorImpl.invoke(NativeMethodAccessorImpl.java:62)
	at sun.reflect.DelegatingMethodAccessorImpl.invoke(DelegatingMethodAccessorImpl.java:43)
	at java.lang.reflect.Method.invoke(Method.java:497)
	at org.junit.runners.model.FrameworkMethod$1.runReflectiveCall(FrameworkMethod.java:45)
	at org.junit.internal.runners.model.ReflectiveCallable.run(ReflectiveCallable.java:15)
	at org.junit.runners.model.FrameworkMethod.invokeExplosively(FrameworkMethod.java:42)
	at org.junit.internal.runners.statements.InvokeMethod.evaluate(InvokeMethod.java:20)
	at org.junit.runners.ParentRunner.runLeaf(ParentRunner.java:263)
	at org.junit.runners.BlockJUnit4ClassRunner.runChild(BlockJUnit4ClassRunner.java:68)
	at org.junit.runners.BlockJUnit4ClassRunner.runChild(BlockJUnit4ClassRunner.java:47)
	at org.junit.runners.ParentRunner$3.run(ParentRunner.java:231)
	at org.junit.runners.ParentRunner$1.schedule(ParentRunner.java:60)
	at org.junit.runners.ParentRunner.runChildren(ParentRunner.java:229)
	at org.junit.runners.ParentRunner.access$000(ParentRunner.java:50)
	at org.junit.runners.ParentRunner$2.evaluate(ParentRunner.java:222)
	at org.junit.internal.runners.statements.RunBefores.evaluate(RunBefores.java:28)
	at org.junit.runners.ParentRunner.run(ParentRunner.java:300)
	at org.apache.maven.surefire.junit4.JUnit4Provider.execute(JUnit4Provider.java:252)
	at org.apache.maven.surefire.junit4.JUnit4Provider.executeTestSet(JUnit4Provider.java:141)
	at org.apache.maven.surefire.junit4.JUnit4Provider.invoke(JUnit4Provider.java:112)
	at sun.reflect.NativeMethodAccessorImpl.invoke0(Native Method)
	at sun.reflect.NativeMethodAccessorImpl.invoke(NativeMethodAccessorImpl.java:62)
	at sun.reflect.DelegatingMethodAccessorImpl.invoke(DelegatingMethodAccessorImpl.java:43)
	at java.lang.reflect.Method.invoke(Method.java:497)
	at org.apache.maven.surefire.util.ReflectionUtils.invokeMethodWithArray(ReflectionUtils.java:189)
	at org.apache.maven.surefire.booter.ProviderFactory$ProviderProxy.invoke(ProviderFactory.java:165)
	at org.apache.maven.surefire.booter.ProviderFactory.invokeProvider(ProviderFactory.java:85)
	at org.apache.maven.surefire.booter.ForkedBooter.runSuitesInProcess(ForkedBooter.java:115)
	at org.apache.maven.surefire.booter.ForkedBooter.main(ForkedBooter.java:75)

updateByPrimaryKey(test.MbgTutorialTest)  Time elapsed: 0.001 sec  <<< ERROR!
java.lang.Error: Unresolved compilation problems: 
	The method selectByExample(E) of type Model<T,E,M>.ManagedMapper must override a superclass method
	The method countByExample(E) of type Model<T,E,M>.ManagedMapper must override a superclass method
	The method insert(T) of type Model<T,E,M>.ManagedMapper must override a superclass method
	The method insertSelective(T) of type Model<T,E,M>.ManagedMapper must override a superclass method
	The method selectByPrimaryKey(Integer) of type Model<T,E,M>.ManagedMapper must override a superclass method
	The method updateByExampleSelective(T, E) of type Model<T,E,M>.ManagedMapper must override a superclass method
	The method updateByExample(T, E) of type Model<T,E,M>.ManagedMapper must override a superclass method
	The method updateByPrimaryKeySelective(T) of type Model<T,E,M>.ManagedMapper must override a superclass method
	The method updateByPrimaryKey(T) of type Model<T,E,M>.ManagedMapper must override a superclass method
	Lambda expressions are allowed only at source level 1.8 or above
	Default methods are allowed only at source level 1.8 or above
	Default methods are allowed only at source level 1.8 or above
	Default methods are allowed only at source level 1.8 or above

	at com.pro.proyectospro.configuracion.herencia.Model.<init>(Model.java:158)
	at com.pro.proyectospro.configuracion.model.DatospersonaM.<init>(DatospersonaM.java:37)
	at test.MbgTutorialTest.updateByPrimaryKey(MbgTutorialTest.java:47)
	at sun.reflect.NativeMethodAccessorImpl.invoke0(Native Method)
	at sun.reflect.NativeMethodAccessorImpl.invoke(NativeMethodAccessorImpl.java:62)
	at sun.reflect.DelegatingMethodAccessorImpl.invoke(DelegatingMethodAccessorImpl.java:43)
	at java.lang.reflect.Method.invoke(Method.java:497)
	at org.junit.runners.model.FrameworkMethod$1.runReflectiveCall(FrameworkMethod.java:45)
	at org.junit.internal.runners.model.ReflectiveCallable.run(ReflectiveCallable.java:15)
	at org.junit.runners.model.FrameworkMethod.invokeExplosively(FrameworkMethod.java:42)
	at org.junit.internal.runners.statements.InvokeMethod.evaluate(InvokeMethod.java:20)
	at org.junit.runners.ParentRunner.runLeaf(ParentRunner.java:263)
	at org.junit.runners.BlockJUnit4ClassRunner.runChild(BlockJUnit4ClassRunner.java:68)
	at org.junit.runners.BlockJUnit4ClassRunner.runChild(BlockJUnit4ClassRunner.java:47)
	at org.junit.runners.ParentRunner$3.run(ParentRunner.java:231)
	at org.junit.runners.ParentRunner$1.schedule(ParentRunner.java:60)
	at org.junit.runners.ParentRunner.runChildren(ParentRunner.java:229)
	at org.junit.runners.ParentRunner.access$000(ParentRunner.java:50)
	at org.junit.runners.ParentRunner$2.evaluate(ParentRunner.java:222)
	at org.junit.internal.runners.statements.RunBefores.evaluate(RunBefores.java:28)
	at org.junit.runners.ParentRunner.run(ParentRunner.java:300)
	at org.apache.maven.surefire.junit4.JUnit4Provider.execute(JUnit4Provider.java:252)
	at org.apache.maven.surefire.junit4.JUnit4Provider.executeTestSet(JUnit4Provider.java:141)
	at org.apache.maven.surefire.junit4.JUnit4Provider.invoke(JUnit4Provider.java:112)
	at sun.reflect.NativeMethodAccessorImpl.invoke0(Native Method)
	at sun.reflect.NativeMethodAccessorImpl.invoke(NativeMethodAccessorImpl.java:62)
	at sun.reflect.DelegatingMethodAccessorImpl.invoke(DelegatingMethodAccessorImpl.java:43)
	at java.lang.reflect.Method.invoke(Method.java:497)
	at org.apache.maven.surefire.util.ReflectionUtils.invokeMethodWithArray(ReflectionUtils.java:189)
	at org.apache.maven.surefire.booter.ProviderFactory$ProviderProxy.invoke(ProviderFactory.java:165)
	at org.apache.maven.surefire.booter.ProviderFactory.invokeProvider(ProviderFactory.java:85)
	at org.apache.maven.surefire.booter.ForkedBooter.runSuitesInProcess(ForkedBooter.java:115)
	at org.apache.maven.surefire.booter.ForkedBooter.main(ForkedBooter.java:75)

select(test.MbgTutorialTest)  Time elapsed: 0.05 sec  <<< ERROR!
java.lang.Error: Unresolved compilation problems: 
	The method selectByExample(E) of type Model<T,E,M>.ManagedMapper must override a superclass method
	The method countByExample(E) of type Model<T,E,M>.ManagedMapper must override a superclass method
	The method insert(T) of type Model<T,E,M>.ManagedMapper must override a superclass method
	The method insertSelective(T) of type Model<T,E,M>.ManagedMapper must override a superclass method
	The method selectByPrimaryKey(Integer) of type Model<T,E,M>.ManagedMapper must override a superclass method
	The method updateByExampleSelective(T, E) of type Model<T,E,M>.ManagedMapper must override a superclass method
	The method updateByExample(T, E) of type Model<T,E,M>.ManagedMapper must override a superclass method
	The method updateByPrimaryKeySelective(T) of type Model<T,E,M>.ManagedMapper must override a superclass method
	The method updateByPrimaryKey(T) of type Model<T,E,M>.ManagedMapper must override a superclass method
	Lambda expressions are allowed only at source level 1.8 or above
	Default methods are allowed only at source level 1.8 or above
	Default methods are allowed only at source level 1.8 or above
	Default methods are allowed only at source level 1.8 or above

	at com.pro.proyectospro.configuracion.herencia.Model.<init>(Model.java:158)
	at com.pro.proyectospro.configuracion.model.DatospersonaM.<init>(DatospersonaM.java:37)
	at test.MbgTutorialTest.select(MbgTutorialTest.java:60)
	at sun.reflect.NativeMethodAccessorImpl.invoke0(Native Method)
	at sun.reflect.NativeMethodAccessorImpl.invoke(NativeMethodAccessorImpl.java:62)
	at sun.reflect.DelegatingMethodAccessorImpl.invoke(DelegatingMethodAccessorImpl.java:43)
	at java.lang.reflect.Method.invoke(Method.java:497)
	at org.junit.runners.model.FrameworkMethod$1.runReflectiveCall(FrameworkMethod.java:45)
	at org.junit.internal.runners.model.ReflectiveCallable.run(ReflectiveCallable.java:15)
	at org.junit.runners.model.FrameworkMethod.invokeExplosively(FrameworkMethod.java:42)
	at org.junit.internal.runners.statements.InvokeMethod.evaluate(InvokeMethod.java:20)
	at org.junit.runners.ParentRunner.runLeaf(ParentRunner.java:263)
	at org.junit.runners.BlockJUnit4ClassRunner.runChild(BlockJUnit4ClassRunner.java:68)
	at org.junit.runners.BlockJUnit4ClassRunner.runChild(BlockJUnit4ClassRunner.java:47)
	at org.junit.runners.ParentRunner$3.run(ParentRunner.java:231)
	at org.junit.runners.ParentRunner$1.schedule(ParentRunner.java:60)
	at org.junit.runners.ParentRunner.runChildren(ParentRunner.java:229)
	at org.junit.runners.ParentRunner.access$000(ParentRunner.java:50)
	at org.junit.runners.ParentRunner$2.evaluate(ParentRunner.java:222)
	at org.junit.internal.runners.statements.RunBefores.evaluate(RunBefores.java:28)
	at org.junit.runners.ParentRunner.run(ParentRunner.java:300)
	at org.apache.maven.surefire.junit4.JUnit4Provider.execute(JUnit4Provider.java:252)
	at org.apache.maven.surefire.junit4.JUnit4Provider.executeTestSet(JUnit4Provider.java:141)
	at org.apache.maven.surefire.junit4.JUnit4Provider.invoke(JUnit4Provider.java:112)
	at sun.reflect.NativeMethodAccessorImpl.invoke0(Native Method)
	at sun.reflect.NativeMethodAccessorImpl.invoke(NativeMethodAccessorImpl.java:62)
	at sun.reflect.DelegatingMethodAccessorImpl.invoke(DelegatingMethodAccessorImpl.java:43)
	at java.lang.reflect.Method.invoke(Method.java:497)
	at org.apache.maven.surefire.util.ReflectionUtils.invokeMethodWithArray(ReflectionUtils.java:189)
	at org.apache.maven.surefire.booter.ProviderFactory$ProviderProxy.invoke(ProviderFactory.java:165)
	at org.apache.maven.surefire.booter.ProviderFactory.invokeProvider(ProviderFactory.java:85)
	at org.apache.maven.surefire.booter.ForkedBooter.runSuitesInProcess(ForkedBooter.java:115)
	at org.apache.maven.surefire.booter.ForkedBooter.main(ForkedBooter.java:75)

